<?xml version="1.0" encoding="UTF-8"?>
<testng-results ignored="0" total="2" passed="2" failed="0" skipped="0">
  <reporter-output>
  </reporter-output>
  <suite started-at="2023-08-22T15:28:33 IST" name="Default suite" finished-at="2023-08-22T15:28:49 IST" duration-ms="15936">
    <groups>
    </groups>
    <test started-at="2023-08-22T15:28:33 IST" name="Default test" finished-at="2023-08-22T15:28:49 IST" duration-ms="15936">
      <class name="exportPage.OnlyWithDateFilter">
        <test-method is-config="true" signature="setUp()[pri:0, instance:exportPage.OnlyWithDateFilter@f5958c9]" started-at="2023-08-22T15:28:33 IST" name="setUp" finished-at="2023-08-22T15:28:40 IST" duration-ms="7216" status="PASS">
          <reporter-output>
          </reporter-output>
        </test-method> <!-- setUp -->
        <test-method signature="RememberMe()[pri:0, instance:exportPage.OnlyWithDateFilter@f5958c9]" started-at="2023-08-22T15:28:40 IST" name="RememberMe" finished-at="2023-08-22T15:28:49 IST" duration-ms="8200" status="PASS">
          <reporter-output>
          </reporter-output>
        </test-method> <!-- RememberMe -->
        <test-method signature="Export()[pri:1, instance:exportPage.OnlyWithDateFilter@f5958c9]" started-at="2023-08-22T15:28:49 IST" name="Export" finished-at="2023-08-22T15:28:49 IST" duration-ms="422" status="PASS">
          <reporter-output>
          </reporter-output>
        </test-method> <!-- Export -->
      </class> <!-- exportPage.OnlyWithDateFilter -->
    </test> <!-- Default test -->
  </suite> <!-- Default suite -->
</testng-results>
