<?xml version="1.0" encoding="UTF-8"?>
<testng-results ignored="0" total="2" passed="2" failed="0" skipped="0">
  <reporter-output>
  </reporter-output>
  <suite started-at="2023-08-11T18:12:45 IST" name="Default suite" finished-at="2023-08-11T18:12:58 IST" duration-ms="12801">
    <groups>
    </groups>
    <test started-at="2023-08-11T18:12:45 IST" name="Default test" finished-at="2023-08-11T18:12:58 IST" duration-ms="12801">
      <class name="Homepage.ValidCustomerDetails">
        <test-method is-config="true" signature="setUp()[pri:0, instance:Homepage.ValidCustomerDetails@f5958c9]" started-at="2023-08-11T18:12:45 IST" name="setUp" finished-at="2023-08-11T18:12:48 IST" duration-ms="3329" status="PASS">
          <reporter-output>
          </reporter-output>
        </test-method> <!-- setUp -->
        <test-method signature="RememberMe()[pri:0, instance:Homepage.ValidCustomerDetails@f5958c9]" started-at="2023-08-11T18:12:48 IST" name="RememberMe" finished-at="2023-08-11T18:12:57 IST" duration-ms="8086" status="PASS">
          <reporter-output>
          </reporter-output>
        </test-method> <!-- RememberMe -->
        <test-method signature="InquiryEntry()[pri:1, instance:Homepage.ValidCustomerDetails@f5958c9]" started-at="2023-08-11T18:12:57 IST" name="InquiryEntry" finished-at="2023-08-11T18:12:58 IST" duration-ms="1310" status="PASS">
          <reporter-output>
          </reporter-output>
        </test-method> <!-- InquiryEntry -->
      </class> <!-- Homepage.ValidCustomerDetails -->
    </test> <!-- Default test -->
  </suite> <!-- Default suite -->
</testng-results>
